This is pdfTeX, Version 3.1415926-2.5-1.40.14 (TeX Live 2013/Debian) (format=pdflatex 2015.10.13)  12 DEC 2015 22:25
entering extended mode
 restricted \write18 enabled.
 %&-line parsing enabled.
**litSurvey.tex
(./litSurvey.tex
LaTeX2e <2011/06/27>
Babel <3.9h> and hyphenation patterns for 78 languages loaded.
(./IEEEtran.cls
Document Class: IEEEtran 2015/08/26 V1.8b by Michael Shell
-- See the "IEEEtran_HOWTO" manual for usage information.
-- http://www.michaelshell.org/tex/ieeetran/
\@IEEEtrantmpdimenA=\dimen102
\@IEEEtrantmpdimenB=\dimen103
\@IEEEtrantmpdimenC=\dimen104
\@IEEEtrantmpcountA=\count79
\@IEEEtrantmpcountB=\count80
\@IEEEtrantmpcountC=\count81
\@IEEEtrantmptoksA=\toks14
LaTeX Font Info:    Try loading font information for OT1+ptm on input line 503.

(/usr/share/texlive/texmf-dist/tex/latex/psnfss/ot1ptm.fd
File: ot1ptm.fd 2001/06/04 font definitions for OT1/ptm.
)
-- Using 8.5in x 11in (letter) paper.
-- Using PDF output.
\@IEEEnormalsizeunitybaselineskip=\dimen105
-- This is a 10 point document.
\CLASSINFOnormalsizebaselineskip=\dimen106
\CLASSINFOnormalsizeunitybaselineskip=\dimen107
\IEEEnormaljot=\dimen108
LaTeX Font Info:    Font shape `OT1/ptm/bx/n' in size <5> not available
(Font)              Font shape `OT1/ptm/b/n' tried instead on input line 1090.
LaTeX Font Info:    Font shape `OT1/ptm/bx/it' in size <5> not available
(Font)              Font shape `OT1/ptm/b/it' tried instead on input line 1090.

LaTeX Font Info:    Font shape `OT1/ptm/bx/n' in size <7> not available
(Font)              Font shape `OT1/ptm/b/n' tried instead on input line 1090.
LaTeX Font Info:    Font shape `OT1/ptm/bx/it' in size <7> not available
(Font)              Font shape `OT1/ptm/b/it' tried instead on input line 1090.

LaTeX Font Info:    Font shape `OT1/ptm/bx/n' in size <8> not available
(Font)              Font shape `OT1/ptm/b/n' tried instead on input line 1090.
LaTeX Font Info:    Font shape `OT1/ptm/bx/it' in size <8> not available
(Font)              Font shape `OT1/ptm/b/it' tried instead on input line 1090.

LaTeX Font Info:    Font shape `OT1/ptm/bx/n' in size <9> not available
(Font)              Font shape `OT1/ptm/b/n' tried instead on input line 1090.
LaTeX Font Info:    Font shape `OT1/ptm/bx/it' in size <9> not available
(Font)              Font shape `OT1/ptm/b/it' tried instead on input line 1090.

LaTeX Font Info:    Font shape `OT1/ptm/bx/n' in size <10> not available
(Font)              Font shape `OT1/ptm/b/n' tried instead on input line 1090.
LaTeX Font Info:    Font shape `OT1/ptm/bx/it' in size <10> not available
(Font)              Font shape `OT1/ptm/b/it' tried instead on input line 1090.

LaTeX Font Info:    Font shape `OT1/ptm/bx/n' in size <11> not available
(Font)              Font shape `OT1/ptm/b/n' tried instead on input line 1090.
LaTeX Font Info:    Font shape `OT1/ptm/bx/it' in size <11> not available
(Font)              Font shape `OT1/ptm/b/it' tried instead on input line 1090.

LaTeX Font Info:    Font shape `OT1/ptm/bx/n' in size <12> not available
(Font)              Font shape `OT1/ptm/b/n' tried instead on input line 1090.
LaTeX Font Info:    Font shape `OT1/ptm/bx/it' in size <12> not available
(Font)              Font shape `OT1/ptm/b/it' tried instead on input line 1090.

LaTeX Font Info:    Font shape `OT1/ptm/bx/n' in size <17> not available
(Font)              Font shape `OT1/ptm/b/n' tried instead on input line 1090.
LaTeX Font Info:    Font shape `OT1/ptm/bx/it' in size <17> not available
(Font)              Font shape `OT1/ptm/b/it' tried instead on input line 1090.

LaTeX Font Info:    Font shape `OT1/ptm/bx/n' in size <20> not available
(Font)              Font shape `OT1/ptm/b/n' tried instead on input line 1090.
LaTeX Font Info:    Font shape `OT1/ptm/bx/it' in size <20> not available
(Font)              Font shape `OT1/ptm/b/it' tried instead on input line 1090.

LaTeX Font Info:    Font shape `OT1/ptm/bx/n' in size <24> not available
(Font)              Font shape `OT1/ptm/b/n' tried instead on input line 1090.
LaTeX Font Info:    Font shape `OT1/ptm/bx/it' in size <24> not available
(Font)              Font shape `OT1/ptm/b/it' tried instead on input line 1090.

\IEEEquantizedlength=\dimen109
\IEEEquantizedlengthdiff=\dimen110
\IEEEquantizedtextheightdiff=\dimen111
\IEEEilabelindentA=\dimen112
\IEEEilabelindentB=\dimen113
\IEEEilabelindent=\dimen114
\IEEEelabelindent=\dimen115
\IEEEdlabelindent=\dimen116
\IEEElabelindent=\dimen117
\IEEEiednormlabelsep=\dimen118
\IEEEiedmathlabelsep=\dimen119
\IEEEiedtopsep=\skip41
\c@section=\count82
\c@subsection=\count83
\c@subsubsection=\count84
\c@paragraph=\count85
\c@IEEEsubequation=\count86
\abovecaptionskip=\skip42
\belowcaptionskip=\skip43
\c@figure=\count87
\c@table=\count88
\@IEEEeqnnumcols=\count89
\@IEEEeqncolcnt=\count90
\@IEEEsubeqnnumrollback=\count91
\@IEEEquantizeheightA=\dimen120
\@IEEEquantizeheightB=\dimen121
\@IEEEquantizeheightC=\dimen122
\@IEEEquantizeprevdepth=\dimen123
\@IEEEquantizemultiple=\count92
\@IEEEquantizeboxA=\box26
\@IEEEtmpitemindent=\dimen124
\IEEEPARstartletwidth=\dimen125
\c@IEEEbiography=\count93
\@IEEEtranrubishbin=\box27
) (/usr/share/texlive/texmf-dist/tex/latex/graphics/graphicx.sty
Package: graphicx 1999/02/16 v1.0f Enhanced LaTeX Graphics (DPC,SPQR)

(/usr/share/texlive/texmf-dist/tex/latex/graphics/keyval.sty
Package: keyval 1999/03/16 v1.13 key=value parser (DPC)
\KV@toks@=\toks15
)
(/usr/share/texlive/texmf-dist/tex/latex/graphics/graphics.sty
Package: graphics 2009/02/05 v1.0o Standard LaTeX Graphics (DPC,SPQR)

(/usr/share/texlive/texmf-dist/tex/latex/graphics/trig.sty
Package: trig 1999/03/16 v1.09 sin cos tan (DPC)
)
(/usr/share/texlive/texmf-dist/tex/latex/latexconfig/graphics.cfg
File: graphics.cfg 2010/04/23 v1.9 graphics configuration of TeX Live
)
Package graphics Info: Driver file: pdftex.def on input line 91.

(/usr/share/texlive/texmf-dist/tex/latex/pdftex-def/pdftex.def
File: pdftex.def 2011/05/27 v0.06d Graphics/color for pdfTeX

(/usr/share/texlive/texmf-dist/tex/generic/oberdiek/infwarerr.sty
Package: infwarerr 2010/04/08 v1.3 Providing info/warning/error messages (HO)
)
(/usr/share/texlive/texmf-dist/tex/generic/oberdiek/ltxcmds.sty
Package: ltxcmds 2011/11/09 v1.22 LaTeX kernel commands for general use (HO)
)
\Gread@gobject=\count94
))
\Gin@req@height=\dimen126
\Gin@req@width=\dimen127
)
(./litSurvey.aux

LaTeX Warning: Label `sha256' multiply defined.

)
\openout1 = `litSurvey.aux'.

LaTeX Font Info:    Checking defaults for OML/cmm/m/it on input line 69.
LaTeX Font Info:    ... okay on input line 69.
LaTeX Font Info:    Checking defaults for T1/cmr/m/n on input line 69.
LaTeX Font Info:    ... okay on input line 69.
LaTeX Font Info:    Checking defaults for OT1/cmr/m/n on input line 69.
LaTeX Font Info:    ... okay on input line 69.
LaTeX Font Info:    Checking defaults for OMS/cmsy/m/n on input line 69.
LaTeX Font Info:    ... okay on input line 69.
LaTeX Font Info:    Checking defaults for OMX/cmex/m/n on input line 69.
LaTeX Font Info:    ... okay on input line 69.
LaTeX Font Info:    Checking defaults for U/cmr/m/n on input line 69.
LaTeX Font Info:    ... okay on input line 69.

-- Lines per column: 56 (exact).
(/usr/share/texlive/texmf-dist/tex/context/base/supp-pdf.mkii
[Loading MPS to PDF converter (version 2006.09.02).]
\scratchcounter=\count95
\scratchdimen=\dimen128
\scratchbox=\box28
\nofMPsegments=\count96
\nofMParguments=\count97
\everyMPshowfont=\toks16
\MPscratchCnt=\count98
\MPscratchDim=\dimen129
\MPnumerator=\count99
\makeMPintoPDFobject=\count100
\everyMPtoPDFconversion=\toks17
) (/usr/share/texlive/texmf-dist/tex/generic/oberdiek/pdftexcmds.sty
Package: pdftexcmds 2011/11/29 v0.20 Utility functions of pdfTeX for LuaTeX (HO
)

(/usr/share/texlive/texmf-dist/tex/generic/oberdiek/ifluatex.sty
Package: ifluatex 2010/03/01 v1.3 Provides the ifluatex switch (HO)
Package ifluatex Info: LuaTeX not detected.
)
(/usr/share/texlive/texmf-dist/tex/generic/oberdiek/ifpdf.sty
Package: ifpdf 2011/01/30 v2.3 Provides the ifpdf switch (HO)
Package ifpdf Info: pdfTeX in PDF mode is detected.
)
Package pdftexcmds Info: LuaTeX not detected.
Package pdftexcmds Info: \pdf@primitive is available.
Package pdftexcmds Info: \pdf@ifprimitive is available.
Package pdftexcmds Info: \pdfdraftmode found.
)
(/usr/share/texlive/texmf-dist/tex/latex/oberdiek/epstopdf-base.sty
Package: epstopdf-base 2010/02/09 v2.5 Base part for package epstopdf

(/usr/share/texlive/texmf-dist/tex/latex/oberdiek/grfext.sty
Package: grfext 2010/08/19 v1.1 Manage graphics extensions (HO)

(/usr/share/texlive/texmf-dist/tex/generic/oberdiek/kvdefinekeys.sty
Package: kvdefinekeys 2011/04/07 v1.3 Define keys (HO)
))
(/usr/share/texlive/texmf-dist/tex/latex/oberdiek/kvoptions.sty
Package: kvoptions 2011/06/30 v3.11 Key value format for package options (HO)

(/usr/share/texlive/texmf-dist/tex/generic/oberdiek/kvsetkeys.sty
Package: kvsetkeys 2012/04/25 v1.16 Key value parser (HO)

(/usr/share/texlive/texmf-dist/tex/generic/oberdiek/etexcmds.sty
Package: etexcmds 2011/02/16 v1.5 Avoid name clashes with e-TeX commands (HO)
Package etexcmds Info: Could not find \expanded.
(etexcmds)             That can mean that you are not using pdfTeX 1.50 or
(etexcmds)             that some package has redefined \expanded.
(etexcmds)             In the latter case, load this package earlier.
)))
Package grfext Info: Graphics extension search list:
(grfext)             [.png,.pdf,.jpg,.mps,.jpeg,.jbig2,.jb2,.PNG,.PDF,.JPG,.JPE
G,.JBIG2,.JB2,.eps]
(grfext)             \AppendGraphicsExtensions on input line 452.

(/usr/share/texlive/texmf-dist/tex/latex/latexconfig/epstopdf-sys.cfg
File: epstopdf-sys.cfg 2010/07/13 v1.3 Configuration of (r)epstopdf for TeX Liv
e
))
Missing character: There is no â in font ptmr7t!
Missing character: There is no € in font ptmr7t!
Missing character: There is no ™ in font ptmr7t!
LaTeX Font Info:    External font `cmex10' loaded for size
(Font)              <7> on input line 110.
LaTeX Font Info:    External font `cmex10' loaded for size
(Font)              <5> on input line 110.

<padding.png, id=1, 858.20625pt x 161.60374pt>
File: padding.png Graphic file (type png)
 <use padding.png>
Package pdftex.def Info: padding.png used on input line 125.
(pdftex.def)             Requested size: 180.67499pt x 34.02162pt.

<messageSchedule.png, id=2, 729.72626pt x 158.5925pt>
File: messageSchedule.png Graphic file (type png)

<use messageSchedule.png>
Package pdftex.def Info: messageSchedule.png used on input line 133.
(pdftex.def)             Requested size: 180.67499pt x 39.26567pt.
 <sha2round.jpeg, id=3, 994.71625pt x 914.41624pt>
File: sha2round.jpeg Graphic file (type jpg)

<use sha2round.jpeg>
Package pdftex.def Info: sha2round.jpeg used on input line 140.
(pdftex.def)             Requested size: 180.67499pt x 166.08078pt.
 [1{/var/lib/texmf/fonts/map/pdftex/updmap/pdftex.map}


]
<archsklav.png, id=14, 796.9775pt x 697.60625pt>
File: archsklav.png Graphic file (type png)
 <use archsklav.png>
Package pdftex.def Info: archsklav.png used on input line 158.
(pdftex.def)             Requested size: 180.67499pt x 158.14682pt.

<t1t2sklav.png, id=16, 1003.75pt x 685.56125pt>
File: t1t2sklav.png Graphic file (type png)
 <use t1t2sklav.png>
Package pdftex.def Info: t1t2sklav.png used on input line 168.
(pdftex.def)             Requested size: 180.67499pt x 123.39569pt.

<dbesklav.png, id=17, 959.585pt x 618.31pt>
File: dbesklav.png Graphic file (type png)
 <use dbesklav.png>
Package pdftex.def Info: dbesklav.png used on input line 178.
(pdftex.def)             Requested size: 180.67499pt x 116.414pt.

<compsklav.png, id=18, 638.385pt x 227.85126pt>
File: compsklav.png Graphic file (type png)
 <use compsklav.png>
Package pdftex.def Info: compsklav.png used on input line 188.
(pdftex.def)             Requested size: 180.67499pt x 64.4863pt.
 [2 <./padding.png> <./messageSchedule.png> <./sha2round.jpeg> <./archsklav.png
> <./t1t2sklav.png>]

LaTeX Warning: Reference `ceshar' on page 3 undefined on input line 198.


LaTeX Warning: Reference `sha256ceshar' on page 3 undefined on input line 204.

<sha256ceshar.png, id=28, 1502.61375pt x 1311.90125pt>
File: sha256ceshar.png Graphic file (type png)
 <use sha256ceshar.png>
Package pdftex.def Info: sha256ceshar.png used on input line 209.
(pdftex.def)             Requested size: 180.67499pt x 157.74164pt.

<eq10ceshar.png, id=29, 659.46375pt x 111.41624pt>
File: eq10ceshar.png Graphic file (type png)
 <use eq10ceshar.png>
Package pdftex.def Info: eq10ceshar.png used on input line 220.
(pdftex.def)             Requested size: 180.67499pt x 30.5248pt.

<eq11ceshar.png, id=30, 537.00626pt x 162.6075pt>
File: eq11ceshar.png Graphic file (type png)
 <use eq11ceshar.png>
Package pdftex.def Info: eq11ceshar.png used on input line 227.
(pdftex.def)             Requested size: 180.67499pt x 54.70769pt.

<eq12ceshar.png, id=31, 232.87pt x 66.2475pt>
File: eq12ceshar.png Graphic file (type png)
 <use eq12ceshar.png>
Package pdftex.def Info: eq12ceshar.png used on input line 237.
(pdftex.def)             Requested size: 108.405pt x 30.83913pt.

<eq13ceshar.png, id=32, 225.84375pt x 184.69pt>
File: eq13ceshar.png Graphic file (type png)
 <use eq13ceshar.png>
Package pdftex.def Info: eq13ceshar.png used on input line 244.
(pdftex.def)             Requested size: 108.405pt x 88.653pt.

<eq14ceshar.png, id=33, 414.54875pt x 68.255pt>
File: eq14ceshar.png Graphic file (type png)
 <use eq14ceshar.png>
Package pdftex.def Info: eq14ceshar.png used on input line 251.
(pdftex.def)             Requested size: 180.67499pt x 29.74796pt.
 [3 <./dbesklav.png> <./compsklav.png> <./sha256ceshar.png> <./eq10ceshar.png> 
<./eq11ceshar.png>] <datablockexpceshar.png, id=39, 1972.36874pt x 670.505pt>
File: datablockexpceshar.png Graphic file (type png)

<use datablockexpceshar.png>
Package pdftex.def Info: datablockexpceshar.png used on input line 262.
(pdftex.def)             Requested size: 180.67499pt x 61.4171pt.
 <tableceshar.png, id=40, 2999.205pt x 857.2025pt>
File: tableceshar.png Graphic file (type png)

<use tableceshar.png>
Package pdftex.def Info: tableceshar.png used on input line 273.
(pdftex.def)             Requested size: 180.67499pt x 51.62613pt.
 <loopunrolling.png, id=41, 480.79625pt x 507.8975pt>
File: loopunrolling.png Graphic file (type png)

<use loopunrolling.png>
Package pdftex.def Info: loopunrolling.png used on input line 291.
(pdftex.def)             Requested size: 180.67499pt x 190.86409pt.
 [4 <./eq12ceshar.png> <./eq13ceshar.png> <./eq14ceshar.png> <./datablockexpces
har.png> <./tableceshar.png> <./loopunrolling.png>]
<archmic.png, id=47, 794.97pt x 478.78876pt>
File: archmic.png Graphic file (type png)
 <use archmic.png>
Package pdftex.def Info: archmic.png used on input line 302.
(pdftex.def)             Requested size: 180.67499pt x 108.81137pt.
 (./litSurvey.bbl)

** Conference Paper **
Before submitting the final camera ready copy, remember to:

 1. Manually equalize the lengths of two columns on the last page
 of your paper;

 2. Ensure that any PostScript and/or PDF output post-processing
 uses only Type 1 fonts and that every step in the generation
 process uses the appropriate paper size.

[5 <./archmic.png>] (./litSurvey.aux)

LaTeX Warning: There were undefined references.


LaTeX Warning: There were multiply-defined labels.

 ) 
Here is how much of TeX's memory you used:
 2430 strings out of 493304
 39879 string characters out of 6139870
 106269 words of memory out of 5000000
 5870 multiletter control sequences out of 15000+600000
 35250 words of font info for 64 fonts, out of 8000000 for 9000
 960 hyphenation exceptions out of 8191
 37i,7n,23p,1869b,234s stack positions out of 5000i,500n,10000p,200000b,80000s
{/usr/share/texlive/texmf-dist/fonts/enc/dvips/base/8r.enc}</usr/share/texliv
e/texmf-dist/fonts/type1/public/amsfonts/cm/cmmi10.pfb></usr/share/texlive/texm
f-dist/fonts/type1/public/amsfonts/cm/cmmi7.pfb></usr/share/texlive/texmf-dist/
fonts/type1/public/amsfonts/cm/cmr10.pfb></usr/share/texlive/texmf-dist/fonts/t
ype1/public/amsfonts/cm/cmr7.pfb></usr/share/texlive/texmf-dist/fonts/type1/pub
lic/amsfonts/cm/cmsy7.pfb></usr/share/texlive/texmf-dist/fonts/type1/urw/times/
utmb8a.pfb></usr/share/texlive/texmf-dist/fonts/type1/urw/times/utmbi8a.pfb></u
sr/share/texlive/texmf-dist/fonts/type1/urw/times/utmr8a.pfb></usr/share/texliv
e/texmf-dist/fonts/type1/urw/times/utmri8a.pfb>
Output written on litSurvey.pdf (5 pages, 1002061 bytes).
PDF statistics:
 81 PDF objects out of 1000 (max. 8388607)
 41 compressed objects within 1 object stream
 0 named destinations out of 1000 (max. 500000)
 86 words of extra memory for PDF output out of 10000 (max. 10000000)

