//----------------------------------------------------------------------------//
// Generated by LegUp High-Level Synthesis Tool Version 4.0 (http://legup.org)
// Compiled: Sun Jul 26 12:56:54 2015
// University of Toronto
// For research and academic purposes only. Commercial use is prohibited.
// Please send bugs to: legup@eecg.toronto.edu
// Date: Wed Dec  9 21:02:08 2015
//----------------------------------------------------------------------------//

allocateRAM: @k
Constant: 1
allocateRAM: @gData
Constant: 0
allocateRAM: @gDigest
Constant: 0
allocateRAM: @main.msg
Constant: 1
allocating global ram: @k
allocating global ram: @gData
allocating global ram: @gDigest
allocating global ram: @main.msg
allocateRAM: %W
Constant: 0
allocateRAM: %msg
Constant: 0
allocateRAM: %1
Constant: 0
allocateRAM: %dt
Constant: 0
allocateRAM: %st
Constant: 0
