//----------------------------------------------------------------------------//
// Generated by LegUp High-Level Synthesis Tool Version 4.0 (http://legup.org)
// Compiled: Sun Jul 26 12:56:54 2015
// University of Toronto
// For research and academic purposes only. Commercial use is prohibited.
// Please send bugs to: legup@eecg.toronto.edu
// Date: Wed Dec  9 21:02:08 2015
//----------------------------------------------------------------------------//

-------------------------- Datapath Operation Usage --------------------------

Operation "unknown" x 138 
Operation "bitwise_AND_32" x 4 
Operation "bitwise_OR_32" x 13 
Operation "bitwise_XOR_32" x 12 
Operation "signed_add_32" x 39 
Operation "signed_add_64" x 1 
Operation "signed_comp_eq_32" x 6 
Operation "signed_comp_eq_64" x 1 
Operation "signed_comp_eq_mux_32" x 1 
Operation "signed_comp_gt_32" x 1 
Operation "signed_divide_32" x 1 

----------------------------- General Information -----------------------------

Number of declared variables in main: 214
Critical path contains operation: signed_divide_32

------------------------------ Resource Estimate ------------------------------

Fmax: 12 MHz
Note: Assuming only 87 DSPs available
Warning: These estimates don't account for binding yet!
Logic Elements: 7184
    Combinational: 3647
    Registers: 6616
DSP Elements: 0
