//----------------------------------------------------------------------------//
// Generated by LegUp High-Level Synthesis Tool Version 4.0 (http://legup.org)
// Compiled: Sun Jul 26 12:56:54 2015
// University of Toronto
// For research and academic purposes only. Commercial use is prohibited.
// Please send bugs to: legup@eecg.toronto.edu
// Date: Wed Dec  9 21:02:08 2015
//----------------------------------------------------------------------------//

-----------------Function: pad---------------
-------------------------1---------------------------
-----------------Delay of path:10.00 ns---------------
-----------------State:LEGUP_F_pad_BB__18_13-----------------
(10.00 ns) --- (10.00 ns) ---   %34 = sdiv i32 %i.1.in, 64

-----------------Function: outerloop---------------
-------------------------2---------------------------
-----------------Delay of path:7.67 ns---------------
-----------------State:LEGUP_F_outerloop_BB__92_27-----------------
(0.91 ns) --- (0.91 ns) ---   %104 = xor i32 %b.0, %c.0
(0.87 ns) --- (1.77 ns) ---   %105 = and i32 %a.0, %104
(0.91 ns) --- (2.68 ns) ---   %107 = xor i32 %105, %106
(2.50 ns) --- (5.18 ns) ---   %108 = add i32 %103, %107
(2.50 ns) --- (7.67 ns) ---   %109 = add i32 %91, %108

-----------------Function: outerloop---------------
-------------------------3---------------------------
-----------------Delay of path:7.67 ns---------------
-----------------State:LEGUP_F_outerloop_BB__92_27-----------------
(0.00 ns) --- (0.00 ns) ---   %97 = shl i32 %a.0, 19
(0.87 ns) --- (0.87 ns) ---   %98 = or i32 %96, %97
(0.91 ns) --- (1.77 ns) ---   %99 = xor i32 %95, %98
(0.91 ns) --- (2.68 ns) ---   %103 = xor i32 %99, %102
(2.50 ns) --- (5.18 ns) ---   %108 = add i32 %103, %107
(2.50 ns) --- (7.67 ns) ---   %109 = add i32 %91, %108

-----------------Function: outerloop---------------
-------------------------4---------------------------
-----------------Delay of path:7.67 ns---------------
-----------------State:LEGUP_F_outerloop_BB__92_27-----------------
(0.00 ns) --- (0.00 ns) ---   %96 = lshr i32 %a.0, 13
(0.87 ns) --- (0.87 ns) ---   %98 = or i32 %96, %97
(0.91 ns) --- (1.77 ns) ---   %99 = xor i32 %95, %98
(0.91 ns) --- (2.68 ns) ---   %103 = xor i32 %99, %102
(2.50 ns) --- (5.18 ns) ---   %108 = add i32 %103, %107
(2.50 ns) --- (7.67 ns) ---   %109 = add i32 %91, %108

-----------------Function: outerloop---------------
-------------------------5---------------------------
-----------------Delay of path:7.67 ns---------------
-----------------State:LEGUP_F_outerloop_BB__92_27-----------------
(0.00 ns) --- (0.00 ns) ---   %94 = shl i32 %a.0, 30
(0.87 ns) --- (0.87 ns) ---   %95 = or i32 %93, %94
(0.91 ns) --- (1.77 ns) ---   %99 = xor i32 %95, %98
(0.91 ns) --- (2.68 ns) ---   %103 = xor i32 %99, %102
(2.50 ns) --- (5.18 ns) ---   %108 = add i32 %103, %107
(2.50 ns) --- (7.67 ns) ---   %109 = add i32 %91, %108

-----------------Function: outerloop---------------
-------------------------6---------------------------
-----------------Delay of path:7.67 ns---------------
-----------------State:LEGUP_F_outerloop_BB__92_27-----------------
(0.00 ns) --- (0.00 ns) ---   %93 = lshr i32 %a.0, 2
(0.87 ns) --- (0.87 ns) ---   %95 = or i32 %93, %94
(0.91 ns) --- (1.77 ns) ---   %99 = xor i32 %95, %98
(0.91 ns) --- (2.68 ns) ---   %103 = xor i32 %99, %102
(2.50 ns) --- (5.18 ns) ---   %108 = add i32 %103, %107
(2.50 ns) --- (7.67 ns) ---   %109 = add i32 %91, %108

-----------------Function: outerloop---------------
-------------------------7---------------------------
-----------------Delay of path:7.67 ns---------------
-----------------State:LEGUP_F_outerloop_BB__70_24-----------------
(0.00 ns) --- (0.00 ns) ---   %75 = shl i32 %e.0, 21
(0.87 ns) --- (0.87 ns) ---   %76 = or i32 %74, %75
(0.91 ns) --- (1.77 ns) ---   %77 = xor i32 %73, %76
(0.91 ns) --- (2.68 ns) ---   %81 = xor i32 %77, %80
(2.50 ns) --- (5.18 ns) ---   %82 = add i32 %h.0, %81
(2.50 ns) --- (7.67 ns) ---   %87 = add i32 %82, %86

-----------------Function: outerloop---------------
-------------------------8---------------------------
-----------------Delay of path:7.67 ns---------------
-----------------State:LEGUP_F_outerloop_BB__70_24-----------------
(0.00 ns) --- (0.00 ns) ---   %74 = lshr i32 %e.0, 11
(0.87 ns) --- (0.87 ns) ---   %76 = or i32 %74, %75
(0.91 ns) --- (1.77 ns) ---   %77 = xor i32 %73, %76
(0.91 ns) --- (2.68 ns) ---   %81 = xor i32 %77, %80
(2.50 ns) --- (5.18 ns) ---   %82 = add i32 %h.0, %81
(2.50 ns) --- (7.67 ns) ---   %87 = add i32 %82, %86

-----------------Function: outerloop---------------
-------------------------9---------------------------
-----------------Delay of path:7.67 ns---------------
-----------------State:LEGUP_F_outerloop_BB__70_24-----------------
(0.00 ns) --- (0.00 ns) ---   %72 = shl i32 %e.0, 26
(0.87 ns) --- (0.87 ns) ---   %73 = or i32 %71, %72
(0.91 ns) --- (1.77 ns) ---   %77 = xor i32 %73, %76
(0.91 ns) --- (2.68 ns) ---   %81 = xor i32 %77, %80
(2.50 ns) --- (5.18 ns) ---   %82 = add i32 %h.0, %81
(2.50 ns) --- (7.67 ns) ---   %87 = add i32 %82, %86

-----------------Function: outerloop---------------
-------------------------10---------------------------
-----------------Delay of path:7.67 ns---------------
-----------------State:LEGUP_F_outerloop_BB__70_24-----------------
(0.00 ns) --- (0.00 ns) ---   %71 = lshr i32 %e.0, 6
(0.87 ns) --- (0.87 ns) ---   %73 = or i32 %71, %72
(0.91 ns) --- (1.77 ns) ---   %77 = xor i32 %73, %76
(0.91 ns) --- (2.68 ns) ---   %81 = xor i32 %77, %80
(2.50 ns) --- (5.18 ns) ---   %82 = add i32 %h.0, %81
(2.50 ns) --- (7.67 ns) ---   %87 = add i32 %82, %86


